[
  {
    "level": "INFO",
    "message": "android.ndkVersion from module build.gradle is 21.3.6528147"
  },
  {
    "level": "INFO",
    "message": "ndk.dir in local.properties is /Users/qibenyu/Library/Android/sdk/ndk/21.3.6528147"
  },
  {
    "level": "INFO",
    "message": "ANDROID_NDK_HOME environment variable is not set"
  },
  {
    "level": "INFO",
    "message": "sdkFolder is /Users/qibenyu/Library/Android/sdk"
  },
  {
    "level": "INFO",
    "message": "Considering /Users/qibenyu/Library/Android/sdk/ndk/21.3.6528147 by ndk.dir"
  },
  {
    "level": "INFO",
    "message": "Considering /Users/qibenyu/Library/Android/sdk/ndk-bundle in SDK ndk-bundle folder"
  },
  {
    "level": "INFO",
    "message": "Considering /Users/qibenyu/Library/Android/sdk/ndk/21.3.6528147 in SDK ndk folder"
  },
  {
    "level": "INFO",
    "message": "Considering /Users/qibenyu/Library/Android/sdk/ndk/21.2.6472646 in SDK ndk folder"
  },
  {
    "level": "INFO",
    "message": "Rejected /Users/qibenyu/Library/Android/sdk/ndk-bundle in SDK ndk-bundle folder because that location has no source.properties"
  },
  {
    "level": "INFO",
    "message": "Choosing /Users/qibenyu/Library/Android/sdk/ndk/21.3.6528147 from ndk.dir which had the requested version 21.3.6528147"
  }
]